Problems with file
java.nio.file.NoSuchFileException: resource1/data.txt
	at sun.nio.fs.UnixException.translateToIOException(UnixException.java:86) ~[?:1.8.0_181]
	at sun.nio.fs.UnixException.rethrowAsIOException(UnixException.java:102) ~[?:1.8.0_181]
	at sun.nio.fs.UnixException.rethrowAsIOException(UnixException.java:107) ~[?:1.8.0_181]
	at sun.nio.fs.UnixFileSystemProvider.newByteChannel(UnixFileSystemProvider.java:214) ~[?:1.8.0_181]
	at java.nio.file.Files.newByteChannel(Files.java:361) ~[?:1.8.0_181]
	at java.nio.file.Files.newByteChannel(Files.java:407) ~[?:1.8.0_181]
	at java.nio.file.spi.FileSystemProvider.newInputStream(FileSystemProvider.java:384) ~[?:1.8.0_181]
	at java.nio.file.Files.newInputStream(Files.java:152) ~[?:1.8.0_181]
	at java.nio.file.Files.newBufferedReader(Files.java:2784) ~[?:1.8.0_181]
	at java.nio.file.Files.lines(Files.java:3744) ~[?:1.8.0_181]
	at java.nio.file.Files.lines(Files.java:3785) ~[?:1.8.0_181]
	at by.yasenchak.task1.reader.ReaderImpl.readOnlyValid(ReaderImpl.java:45) [classes/:?]
	at task1.ReadOnlyValidLineTest.testReadOnlyValidLinesMethod(ReadOnlyValidLineTest.java:25) [test-classes/:?]
	at sun.reflect.NativeMethodAccessorImpl.invoke0(Native Method) ~[?:1.8.0_181]
	at sun.reflect.NativeMethodAccessorImpl.invoke(NativeMethodAccessorImpl.java:62) ~[?:1.8.0_181]
	at sun.reflect.DelegatingMethodAccessorImpl.invoke(DelegatingMethodAccessorImpl.java:43) ~[?:1.8.0_181]
	at java.lang.reflect.Method.invoke(Method.java:498) ~[?:1.8.0_181]
	at org.testng.internal.MethodInvocationHelper.invokeMethod(MethodInvocationHelper.java:104) [testng-6.10.jar:?]
	at org.testng.internal.Invoker.invokeMethod(Invoker.java:645) [testng-6.10.jar:?]
	at org.testng.internal.Invoker.invokeTestMethod(Invoker.java:851) [testng-6.10.jar:?]
	at org.testng.internal.Invoker.invokeTestMethods(Invoker.java:1177) [testng-6.10.jar:?]
	at org.testng.internal.TestMethodWorker.invokeTestMethods(TestMethodWorker.java:129) [testng-6.10.jar:?]
	at org.testng.internal.TestMethodWorker.run(TestMethodWorker.java:112) [testng-6.10.jar:?]
	at org.testng.TestRunner.privateRun(TestRunner.java:756) [testng-6.10.jar:?]
	at org.testng.TestRunner.run(TestRunner.java:610) [testng-6.10.jar:?]
	at org.testng.SuiteRunner.runTest(SuiteRunner.java:387) [testng-6.10.jar:?]
	at org.testng.SuiteRunner.runSequentially(SuiteRunner.java:382) [testng-6.10.jar:?]
	at org.testng.SuiteRunner.privateRun(SuiteRunner.java:340) [testng-6.10.jar:?]
	at org.testng.SuiteRunner.run(SuiteRunner.java:289) [testng-6.10.jar:?]
	at org.testng.SuiteRunnerWorker.runSuite(SuiteRunnerWorker.java:52) [testng-6.10.jar:?]
	at org.testng.SuiteRunnerWorker.run(SuiteRunnerWorker.java:86) [testng-6.10.jar:?]
	at org.testng.TestNG.runSuitesSequentially(TestNG.java:1293) [testng-6.10.jar:?]
	at org.testng.TestNG.runSuitesLocally(TestNG.java:1218) [testng-6.10.jar:?]
	at org.testng.TestNG.runSuites(TestNG.java:1133) [testng-6.10.jar:?]
	at org.testng.TestNG.run(TestNG.java:1104) [testng-6.10.jar:?]
	at org.testng.IDEARemoteTestNG.run(IDEARemoteTestNG.java:72) [testng-plugin.jar:?]
	at org.testng.RemoteTestNGStarter.main(RemoteTestNGStarter.java:123) [testng-plugin.jar:?]
